<?xml version="1.0" encoding="UTF-8"?>
<testng-results ignored="0" total="1" passed="1" failed="0" skipped="0">
  <reporter-output>
  </reporter-output>
  <suite started-at="2024-04-01T13:11:33 IST" name="Suite" finished-at="2024-04-01T13:11:59 IST" duration-ms="26357">
    <groups>
    </groups>
    <test started-at="2024-04-01T13:11:33 IST" name="ChromeTest" finished-at="2024-04-01T13:11:59 IST" duration-ms="26357">
      <class name="qa.tests.TestCase1">
        <test-method is-config="true" signature="beforeTest()[pri:0, instance:qa.tests.TestCase1@63376bed]" started-at="2024-04-01T13:11:33 IST" name="beforeTest" finished-at="2024-04-01T13:11:34 IST" duration-ms="586" status="PASS">
          <reporter-output>
          </reporter-output>
        </test-method> <!-- beforeTest -->
        <test-method is-config="true" signature="beforeMethod(java.lang.String,java.lang.reflect.Method)[pri:0, instance:qa.tests.TestCase1@63376bed]" started-at="2024-04-01T13:11:34 IST" name="beforeMethod" finished-at="2024-04-01T13:11:49 IST" duration-ms="14843" status="PASS">
          <params>
            <param index="0">
              <value>
                <![CDATA[chrome]]>
              </value>
            </param>
            <param index="1">
              <value>
                <![CDATA[public void qa.tests.TestCase1.sampleMethodForEnteringCredentials()]]>
              </value>
            </param>
          </params>
          <reporter-output>
          </reporter-output>
        </test-method> <!-- beforeMethod -->
        <test-method signature="sampleMethodForEnteringCredentials()[pri:0, instance:qa.tests.TestCase1@63376bed]" started-at="2024-04-01T13:11:49 IST" name="sampleMethodForEnteringCredentials" finished-at="2024-04-01T13:11:55 IST" duration-ms="6528" status="PASS">
          <reporter-output>
          </reporter-output>
        </test-method> <!-- sampleMethodForEnteringCredentials -->
        <test-method is-config="true" signature="afterMethod(org.testng.ITestResult)[pri:0, instance:qa.tests.TestCase1@63376bed]" started-at="2024-04-01T13:11:55 IST" name="afterMethod" finished-at="2024-04-01T13:11:55 IST" duration-ms="13" status="PASS">
          <params>
            <param index="0">
              <value>
                <![CDATA[[TestResult name=sampleMethodForEnteringCredentials status=SUCCESS method=TestCase1.sampleMethodForEnteringCredentials()[pri:0, instance:qa.tests.TestCase1@63376bed] output={null}]]]>
              </value>
            </param>
          </params>
          <reporter-output>
          </reporter-output>
        </test-method> <!-- afterMethod -->
        <test-method is-config="true" signature="afterTest()[pri:0, instance:qa.tests.TestCase1@63376bed]" started-at="2024-04-01T13:11:55 IST" name="afterTest" finished-at="2024-04-01T13:11:59 IST" duration-ms="4315" status="PASS">
          <reporter-output>
          </reporter-output>
        </test-method> <!-- afterTest -->
      </class> <!-- qa.tests.TestCase1 -->
    </test> <!-- ChromeTest -->
  </suite> <!-- Suite -->
</testng-results>
